[debug] [2021-06-14T15:44:40.811Z] ----------------------------------------------------------------------
[debug] [2021-06-14T15:44:40.817Z] Command:       C:\Program Files\nodejs\node.exe C:\Users\adrián\AppData\Roaming\npm\node_modules\firebase-tools\lib\bin\firebase.js init
[debug] [2021-06-14T15:44:40.820Z] CLI Version:   9.9.0
[debug] [2021-06-14T15:44:40.821Z] Platform:      win32
[debug] [2021-06-14T15:44:40.821Z] Node Version:  v14.15.5
[debug] [2021-06-14T15:44:40.824Z] Time:          Mon Jun 14 2021 17:44:40 GMT+0200 (hora de verano de Europa central)
[debug] [2021-06-14T15:44:40.824Z] ----------------------------------------------------------------------
[debug] 
[debug] [2021-06-14T15:44:40.849Z] >>> [apiv2][query] GET https://firebase-public.firebaseio.com/cli.json [none]
[debug] [2021-06-14T15:44:40.972Z] > command requires scopes: ["email","openid","https://www.googleapis.com/auth/cloudplatformprojects.readonly","https://www.googleapis.com/auth/firebase","https://www.googleapis.com/auth/cloud-platform"]
[debug] [2021-06-14T15:44:40.973Z] > authorizing via signed-in user (adrian8rubio@gmail.com)
[info] 
     ######## #### ########  ######## ########     ###     ######  ########
     ##        ##  ##     ## ##       ##     ##  ##   ##  ##       ##
     ######    ##  ########  ######   ########  #########  ######  ######
     ##        ##  ##    ##  ##       ##     ## ##     ##       ## ##
     ##       #### ##     ## ######## ########  ##     ##  ######  ########

You're about to initialize a Firebase project in this directory:

  C:\Users\adrián\reactnative\appGaztaroa

[debug] [2021-06-14T15:44:41.720Z] <<< [apiv2][status] GET https://firebase-public.firebaseio.com/cli.json 200
[debug] [2021-06-14T15:44:41.721Z] <<< [apiv2][body] GET https://firebase-public.firebaseio.com/cli.json {"cloudBuildErrorAfter":1594252800000,"cloudBuildWarnAfter":1590019200000,"defaultNode10After":1594252800000,"minVersion":"3.0.5","node8DeploysDisabledAfter":1613390400000,"node8RuntimeDisabledAfter":1615809600000,"node8WarnAfter":1600128000000}
